16/9/2024, 9:17:02 am-GET/students-{}
16/9/2024, 9:18:55 am-GET/students?name=Vikram-{}
16/9/2024, 9:19:58 am-GET/students?name=Vikram-{}
16/9/2024, 9:20:05 am-GET/students-{}
16/9/2024, 9:20:53 am-GET/students?name=vikram-{}
16/9/2024, 9:21:14 am-GET/students?name=vikram-{}
16/9/2024, 9:21:51 am-GET/students?name=Vikram-{}
16/9/2024, 9:21:55 am-GET/students-{}
16/9/2024, 9:22:22 am-GET/students-{}
16/9/2024, 9:22:29 am-GET/students?name=Vikram-{}
16/9/2024, 9:24:22 am-GET/students?name=Vikram-{}
16/9/2024, 9:24:23 am-GET/students?name=Vikram-{}
16/9/2024, 9:24:24 am-GET/students?name=Vikram-{}
16/9/2024, 9:26:19 am-GET/students?name=Vikram-{}
16/9/2024, 9:27:18 am-GET/students?name=Vikram&age=27&grade=A-{}
16/9/2024, 9:35:45 am-PUT/students/id-{"id":67,"name":"Ritesh","age":27,"grade":"A","planet":"Earth","resgisteredat":1726146949842}
16/9/2024, 9:37:35 am-PUT/students/id-{"id":67,"name":"Ritesh","age":27,"grade":"A","planet":"Earth","resgisteredat":1726146949842}
16/9/2024, 9:39:10 am-PUT/students/id-{"id":67,"name":"Ritesh","age":27,"grade":"A","planet":"Earth","resgisteredat":1726146949842}
16/9/2024, 9:39:41 am-PUT/students/67-{"id":67,"name":"Ritesh","age":27,"grade":"A","planet":"Earth","resgisteredat":1726146949842}
16/9/2024, 2:47:32 pm-POST/schools-{"school_name":"Galactic High","school_address":"123 Space St, Mars"}
16/9/2024, 2:51:47 pm-POST/schools-{"school_name":"Galactic High","school_address":"123 Space St, Mars"}
16/9/2024, 2:55:28 pm-GET/schools-{"school_name":"Galactic High","school_address":"123 Space St, Mars"}
16/9/2024, 2:56:00 pm-GET/schools-{"school_name":"Galactic High","school_address":"123 Space St, Mars"}
16/9/2024, 3:07:15 pm-GET/admins-{"school_name":"Galactic High","school_address":"123 Space St, Mars"}
16/9/2024, 3:08:37 pm-POST/admins-{"admin_name":"Rohit","admin_email":"rohit@galactic.edu","school_id":1}
16/9/2024, 3:08:40 pm-GET/admins-{"admin_name":"Rohit","admin_email":"rohit@galactic.edu","school_id":1}
16/9/2024, 3:11:04 pm-GET/admins-{"admin_name":"Rohit","admin_email":"rohit@galactic.edu","school_id":1}
16/9/2024, 3:11:47 pm-POST/admins-{"admin_name":"Jaadu","admin_email":"jaadu@interstellar.com","school_id":2}
16/9/2024, 3:11:50 pm-GET/admins-{"admin_name":"Jaadu","admin_email":"jaadu@interstellar.com","school_id":2}
16/9/2024, 3:12:18 pm-GET/admins-{"admin_name":"Jaadu","admin_email":"jaadu@interstellar.com","school_id":2}
16/9/2024, 3:12:57 pm-GET/admins-{"admin_name":"Jaadu","admin_email":"jaadu@interstellar.com","school_id":2}
16/9/2024, 3:13:10 pm-GET/admins-{"admin_name":"Jaadu","admin_email":"jaadu@interstellar.com","school_id":2}
16/9/2024, 3:41:36 pm-POST/students-{"student_id":"1","student_name":"Rakesh","student_age":12,"grade":7,"school_id":1}
16/9/2024, 3:42:16 pm-POST/students-{"student_id":"1","student_name":"Rakesh","student_age":12,"grade":7,"school_id":1}
16/9/2024, 3:42:57 pm-POST/students-{"student_id":"1","student_name":"Rakesh","student_age":12,"grade":7,"school_id":1}
16/9/2024, 3:43:06 pm-POST/students-{"student_id":"1","student_name":"Rakesh","student_age":12,"grade":7,"school_id":1}
16/9/2024, 3:44:14 pm-POST/students-{"student_id":"1","student_name":"Rakesh","student_age":12,"grade":7,"school_id":1}
16/9/2024, 3:44:15 pm-POST/students-{"student_id":"1","student_name":"Rakesh","student_age":12,"grade":7,"school_id":1}
16/9/2024, 3:44:15 pm-POST/students-{"student_id":"1","student_name":"Rakesh","student_age":12,"grade":7,"school_id":1}
16/9/2024, 3:44:16 pm-POST/students-{"student_id":"1","student_name":"Rakesh","student_age":12,"grade":7,"school_id":1}
16/9/2024, 3:44:16 pm-POST/students-{"student_id":"1","student_name":"Rakesh","student_age":12,"grade":7,"school_id":1}
16/9/2024, 3:44:16 pm-POST/students-{"student_id":"1","student_name":"Rakesh","student_age":12,"grade":7,"school_id":1}
16/9/2024, 3:44:16 pm-POST/students-{"student_id":"1","student_name":"Rakesh","student_age":12,"grade":7,"school_id":1}
16/9/2024, 3:44:19 pm-POST/students-{"student_id":"1","student_name":"Rakesh","student_age":12,"grade":7,"school_id":1}
16/9/2024, 3:44:20 pm-POST/students-{"student_id":"1","student_name":"Rakesh","student_age":12,"grade":7,"school_id":1}
16/9/2024, 3:45:23 pm-POST/students-{"student_id":1,"student_name":"Rakesh","student_age":12,"grade":7,"school_id":1}
16/9/2024, 3:47:02 pm-POST/students-{"student_id":1,"student_name":"Rakesh","student_age":12,"grade":7,"school_id":1}
16/9/2024, 3:47:13 pm-POST/students-{"student_id":1,"student_name":"Rakesh","student_age":12,"grade":7,"school_id":1}
16/9/2024, 3:47:53 pm-POST/students-{"student_id":2,"student_name":"Aarav","student_age":13,"grade":8,"school_id":2}
16/9/2024, 3:49:37 pm-GET/students-{"student_id":2,"student_name":"Aarav","student_age":13,"grade":8,"school_id":2}
16/9/2024, 3:54:45 pm-PUT/students/66e805d16780f9614431dc08-{"_id":"66e805d16780f9614431dc08","student_id":2,"student_name":"Vikram","student_age":13,"grade":8,"school_id":2,"createdAt":"2024-09-16T10:17:54.000Z","updatedAt":"2024-09-16T10:17:54.000Z"}
16/9/2024, 3:54:52 pm-GET/students-{"_id":"66e805d16780f9614431dc08","student_id":2,"student_name":"Vikram","student_age":13,"grade":8,"school_id":2,"createdAt":"2024-09-16T10:17:54.000Z","updatedAt":"2024-09-16T10:17:54.000Z"}
16/9/2024, 3:57:25 pm-DELETE/students/66e805d16780f9614431dc08-{"_id":"66e805d16780f9614431dc08","student_id":2,"student_name":"Vikram","student_age":13,"grade":8,"school_id":2,"createdAt":"2024-09-16T10:17:54.000Z","updatedAt":"2024-09-16T10:17:54.000Z"}
16/9/2024, 3:57:30 pm-GET/students-{"_id":"66e805d16780f9614431dc08","student_id":2,"student_name":"Vikram","student_age":13,"grade":8,"school_id":2,"createdAt":"2024-09-16T10:17:54.000Z","updatedAt":"2024-09-16T10:17:54.000Z"}
16/9/2024, 3:57:31 pm-GET/students-{"_id":"66e805d16780f9614431dc08","student_id":2,"student_name":"Vikram","student_age":13,"grade":8,"school_id":2,"createdAt":"2024-09-16T10:17:54.000Z","updatedAt":"2024-09-16T10:17:54.000Z"}
16/9/2024, 3:57:44 pm-POST/students-{"student_id":2,"student_name":"Vikram","student_age":13,"grade":8,"school_id":2}
16/9/2024, 3:57:47 pm-GET/students-{"student_id":2,"student_name":"Vikram","student_age":13,"grade":8,"school_id":2}
16/9/2024, 4:25:32 pm-POST/register-{"admin_email":"rohit@galactic.edu","password":"rohit"}
16/9/2024, 4:25:42 pm-POST/login-{"admin_email":"rohit@galactic.edu","password":"rohit"}
16/9/2024, 4:35:27 pm-GET/students?grade=10&sort=age&page_number=1&page_size=10-{"admin_email":"rohit@galactic.edu","password":"rohit"}
16/9/2024, 4:35:37 pm-GET/students-{"admin_email":"rohit@galactic.edu","password":"rohit"}
16/9/2024, 4:35:59 pm-GET/students?grade=8&sort=age&page_number=1&page_size=10-{"admin_email":"rohit@galactic.edu","password":"rohit"}
16/9/2024, 4:44:12 pm-GET/students-{"admin_email":"rohit@galactic.edu","password":"rohit"}
16/9/2024, 4:45:26 pm-GET/students-{"admin_email":"rohit@galactic.edu","password":"rohit"}
16/9/2024, 4:45:58 pm-POST/login-{"admin_email":"rohit@galactic.edu","password":"rohit"}
16/9/2024, 4:46:18 pm-GET/students-{"admin_email":"rohit@galactic.edu","password":"rohit"}
16/9/2024, 4:48:30 pm-GET/students-{"admin_email":"rohit@galactic.edu","password":"rohit"}
16/9/2024, 4:49:24 pm-GET/students-{"admin_email":"rohit@galactic.edu","password":"rohit"}
16/9/2024, 4:49:53 pm-GET/students-{"admin_email":"rohit@galactic.edu","password":"rohit"}
16/9/2024, 4:50:07 pm-POST/login-{"admin_email":"rohit@galactic.edu","password":"rohit"}
16/9/2024, 4:50:31 pm-POST/login-{"admin_email":"rohit@galactic.edu","password":"rohit"}
16/9/2024, 4:51:02 pm-GET/students-{"admin_email":"rohit@galactic.edu","password":"rohit"}
16/9/2024, 4:52:41 pm-GET/students-{"admin_email":"rohit@galactic.edu","password":"rohit"}
16/9/2024, 4:53:53 pm-GET/students-{"admin_email":"rohit@galactic.edu","password":"rohit"}
16/9/2024, 4:53:56 pm-GET/students-{"admin_email":"rohit@galactic.edu","password":"rohit"}
16/9/2024, 4:53:56 pm-GET/students-{"admin_email":"rohit@galactic.edu","password":"rohit"}
16/9/2024, 4:53:57 pm-GET/students-{"admin_email":"rohit@galactic.edu","password":"rohit"}
16/9/2024, 4:53:57 pm-GET/students-{"admin_email":"rohit@galactic.edu","password":"rohit"}
16/9/2024, 4:53:57 pm-GET/students-{"admin_email":"rohit@galactic.edu","password":"rohit"}
16/9/2024, 4:55:28 pm-POST/login-{"admin_email":"rohit@galactic.edu","password":"rohit"}
16/9/2024, 4:55:51 pm-GET/students-{}
16/9/2024, 4:59:20 pm-GET/students-{}
16/9/2024, 4:59:51 pm-GET/students-{}
16/9/2024, 4:59:55 pm-GET/students-{}
16/9/2024, 5:00:01 pm-GET/students-{}
16/9/2024, 5:02:27 pm-GET/students-{}
16/9/2024, 5:03:10 pm-POST/students-{"student_id":3,"student_name":"Vikki","student_age":15,"grade":10,"school_id":3}
16/9/2024, 5:03:16 pm-POST/students-{"student_id":3,"student_name":"Vikki","student_age":15,"grade":10,"school_id":3}
16/9/2024, 5:03:20 pm-GET/students-{"student_id":3,"student_name":"Vikki","student_age":15,"grade":10,"school_id":3}
22/9/2024, 10:55:35 am-POST/admin-{"admin_name":"Rohit","admin_email":"rohit@galactic.edu","admin_password":"12345","school_id":1}
22/9/2024, 10:56:09 am-POST/admins-{"admin_name":"Rohit","admin_email":"rohit@galactic.edu","admin_password":"12345","school_id":1}
22/9/2024, 10:57:13 am-POST/admins-{"admin_name":"Rohit","admin_email":"rohit@galactic.edu","admin_password":"12345","school_id":1}
22/9/2024, 10:57:19 am-GET/admins-{"admin_name":"Rohit","admin_email":"rohit@galactic.edu","admin_password":"12345","school_id":1}
22/9/2024, 10:57:59 am-POST/admins-{"admin_name":"Jaadu","admin_email":"jaadu@interstellar.com","admin_password":"12345","school_id":2}
22/9/2024, 10:58:10 am-GET/admins-{"admin_name":"Jaadu","admin_email":"jaadu@interstellar.com","admin_password":"12345","school_id":2}
22/9/2024, 11:00:17 am-POST/schools-{"school_name":"Galactic High","school_address":"123 Space St, Mars"}
22/9/2024, 11:00:34 am-GET/schools-{"school_name":"Galactic High","school_address":"123 Space St, Mars"}
22/9/2024, 11:00:58 am-POST/schools-{"school_name":"Interstellar Academy","school_address":"789 Nova Blvd, Jupiter"}
22/9/2024, 11:01:01 am-GET/schools-{"school_name":"Interstellar Academy","school_address":"789 Nova Blvd, Jupiter"}
22/9/2024, 11:06:07 am-GET/admins-{"student_id":1,"student_name":"Rakesh","student_age":12,"grade":7,"school_id":1}
22/9/2024, 11:07:45 am-POST/login-{"admin_email":"rohit@galactic.edu","admin_password":"12345"}
22/9/2024, 11:09:24 am-POST/login-{"admin_email":"rohit@galactic.edu","admin_password":"12345"}
22/9/2024, 11:09:42 am-POST/login-{"admin_email":"rohit@galactic.edu","admin_password":"12345"}
22/9/2024, 11:09:59 am-POST/login-{"admin_email":"rohit@galactic.edu","admin_password":"12345"}
22/9/2024, 11:10:49 am-POST/login-{"admin_email":"rohit@galactic.edu","admin_password":"12345"}
22/9/2024, 11:12:51 am-POST/login-{"admin_email":"rohit@galactic.edu","admin_password":"12345"}
22/9/2024, 11:15:09 am-POST/login-{"admin_email":"rohit@galactic.edu","admin_password":"12345"}
22/9/2024, 11:16:56 am-POST/students-{"student_id":1,"student_name":"Rakesh","student_age":12,"grade":7,"school_id":1}
22/9/2024, 11:17:07 am-GET/students-{"student_id":1,"student_name":"Rakesh","student_age":12,"grade":7,"school_id":1}
22/9/2024, 11:18:03 am-DELETE/students/66efaf50b4e13111c4b15e68-{"student_id":1,"student_name":"Rakesh","student_age":12,"grade":7,"school_id":1}
22/9/2024, 11:18:14 am-GET/students-{"student_id":1,"student_name":"Rakesh","student_age":12,"grade":7,"school_id":1}
22/9/2024, 11:18:44 am-PUT/students/66e805a9c630b4e593e7bac5-{"student_id":1,"student_name":"Ravi","student_age":12,"grade":7,"school_id":1}
22/9/2024, 11:18:52 am-GET/student-{"student_id":1,"student_name":"Ravi","student_age":12,"grade":7,"school_id":1}
22/9/2024, 11:18:55 am-GET/students-{"student_id":1,"student_name":"Ravi","student_age":12,"grade":7,"school_id":1}
23/9/2024, 8:55:09 am-GET/admins-{"admin_email":"rohit@galactic.edu","admin_password":"12345"}
23/9/2024, 9:00:02 am-GET/students-{"admin_email":"rohit@galactic.edu","admin_password":"12345"}
23/9/2024, 9:02:01 am-GET/schools-{"admin_email":"rohit@galactic.edu","admin_password":"12345"}
23/9/2024, 2:09:48 pm-POST/login-{"admin_email":"rohit@galactic.edu","admin_password":"12345"}
23/9/2024, 2:10:55 pm-POST/register-{"admin_name":"ritesh","admin_email":"rohit@galactic.edu","admin_password":"12345","role":"admin"}
23/9/2024, 2:11:19 pm-POST/admins-{"admin_name":"ritesh","admin_email":"rohit@galactic.edu","admin_password":"12345","role":"admin"}
23/9/2024, 2:14:06 pm-POST/admins-{"admin_name":"ritesh","admin_email":"rohit@galactic.edu","admin_password":"12345","role":"admin","school_id":1}
23/9/2024, 2:14:48 pm-POST/admins-{"admin_name":"ritesh","admin_email":"rohit1@galactic.edu","admin_password":"12345","role":"admin","school_id":1}
23/9/2024, 2:15:40 pm-POST/admins-{"admin_name":"ritesh","admin_email":"rohit1@galactic.edu","admin_password":"12345","role":"admin","school_id":1}
23/9/2024, 2:16:19 pm-POST/admins-{"admin_name":"ritesh","admin_email":"rohit1@galactic.edu","admin_password":"12345","role":"admin","school_id":1}
23/9/2024, 2:17:36 pm-POST/admins-{"admin_name":"ritesh","admin_email":"rohit1@galactic.edu","admin_password":"12345","role":"admin","school_id":1}
23/9/2024, 2:37:16 pm-POST/login-{"admin_name":"ritesh","admin_email":"rohit1@galactic.edu","admin_password":"12345","role":"admin","school_id":1}
23/9/2024, 2:42:43 pm-POST/admins-{"admin_name":"ritesh","admin_email":"rohit2@galactic.edu","admin_password":"12345","role":"teacher","school_id":1}
23/9/2024, 2:44:46 pm-POST/login-{"admin_name":"ritesh","admin_email":"rohit1@galactic.edu","admin_password":"12345","role":"teacher","school_id":1}
23/9/2024, 2:47:18 pm-POST/students-{"student_id":2,"student_name":"rohit","student_age":15,"grade":8,"school_id":1}
23/9/2024, 2:49:43 pm-POST/students-{"student_id":2,"student_name":"rohit","student_age":15,"grade":8,"school_id":1}
23/9/2024, 2:52:27 pm-POST/students-{"student_id":2,"student_name":"rohit","student_age":15,"grade":8,"school_id":1}
23/9/2024, 2:52:44 pm-POST/students-{"student_id":2,"student_name":"rohit","student_age":15,"grade":8,"school_id":1}
23/9/2024, 2:54:28 pm-POST/login-{"admin_name":"ritesh","admin_email":"rohit1@galactic.edu","admin_password":"12345","role":"teacher","school_id":1}
23/9/2024, 2:55:04 pm-POST/students-{"student_id":2,"student_name":"rohit","student_age":15,"grade":8,"school_id":1}
23/9/2024, 2:56:16 pm-GET/students-{"student_id":2,"student_name":"rohit","student_age":15,"grade":8,"school_id":1}
23/9/2024, 2:56:55 pm-PUT/students-{"student_id":2,"student_name":"rohit","student_age":15,"grade":8,"school_id":1}
23/9/2024, 2:57:12 pm-POST/students-{"student_id":2,"student_name":"rohit","student_age":15,"grade":8,"school_id":1}
23/9/2024, 2:58:43 pm-POST/students-{"student_id":2,"student_name":"rohit","student_age":15,"grade":8,"school_id":1}
23/9/2024, 2:59:25 pm-POST/students-{"student_id":2,"student_name":"rohit","student_age":15,"grade":8,"school_id":1}
23/9/2024, 2:59:41 pm-GET/students-{"student_id":2,"student_name":"rohit","student_age":15,"grade":8,"school_id":1}
23/9/2024, 3:05:48 pm-POST/login-{"admin_name":"ritesh","admin_email":"rohit2@galactic.edu","admin_password":"12345","role":"teacher","school_id":1}
23/9/2024, 3:06:19 pm-POST/students-{"student_id":2,"student_name":"rohit","student_age":15,"grade":8,"school_id":1}
23/9/2024, 3:08:37 pm-POST/students-{"student_id":2,"student_name":"rohit","student_age":15,"grade":8,"school_id":1}
23/9/2024, 3:09:22 pm-POST/login-{"admin_name":"ritesh","admin_email":"rohit1@galactic.edu","admin_password":"12345","role":"teacher","school_id":1}
23/9/2024, 3:09:57 pm-POST/login-{"student_id":2,"student_name":"rohit","student_age":15,"grade":8,"school_id":1}
23/9/2024, 3:10:08 pm-POST/login-{"student_id":2,"student_name":"rohit","student_age":15,"grade":8,"school_id":1}
23/9/2024, 3:10:21 pm-POST/login-{"student_id":2,"student_name":"rohit","student_age":15,"grade":8,"school_id":1}
23/9/2024, 3:10:53 pm-POST/login-{"student_id":2,"student_name":"rohit","student_age":15,"grade":8,"school_id":1}
23/9/2024, 3:13:14 pm-POST/login-{"student_id":2,"student_name":"rohit","student_age":15,"grade":8,"school_id":1}
23/9/2024, 3:13:29 pm-POST/login-{"student_id":2,"student_name":"rohit","student_age":15,"grade":8,"school_id":1}
23/9/2024, 3:14:09 pm-POST/login-{"student_id":2,"admin_email":"rohit","student_age":15,"grade":8,"school_id":1}
23/9/2024, 3:14:55 pm-POST/login-{"admin_name":"ritesh","admin_email":"rohit1@galactic.edu","admin_password":"12345","role":"teacher","school_id":1}
23/9/2024, 3:15:09 pm-POST/login-{"admin_name":"ritesh","admin_email":"rohit1@galactic.edu","admin_password":"12345","role":"teacher","school_id":1}
23/9/2024, 3:15:19 pm-POST/login-{"admin_name":"ritesh","admin_email":"rohit1@galactic.edu","admin_password":"12345"}
23/9/2024, 3:15:41 pm-POST/login-{"admin_name":"ritesh","admin_email":"rohit5@galactic.edu","admin_password":"12345","role":"teacher","school_id":1}
23/9/2024, 3:16:48 pm-POST/login-{"admin_name":"ritesh","admin_email":"rohit5@galactic.edu","admin_password":"12345","role":"teacher","school_id":1}
23/9/2024, 3:16:54 pm-POST/login-{"admin_name":"ritesh","admin_email":"rohit1@galactic.edu","admin_password":"12345","role":"teacher","school_id":1}
23/9/2024, 3:17:02 pm-POST/login-{"admin_name":"ritesh","admin_email":"rohit2@galactic.edu","admin_password":"12345","role":"teacher","school_id":1}
23/9/2024, 3:17:42 pm-GET/admins-{"admin_name":"ritesh","admin_email":"rohit2@galactic.edu","admin_password":"12345","role":"teacher","school_id":1}
23/9/2024, 3:18:49 pm-GET/admins-{"admin_id":1,"admin_name":"ritesh","admin_email":"rohit1@galactic.edu","admin_password":"12345","role":"admin","school_id":1}
23/9/2024, 3:18:59 pm-POST/login-{"admin_id":1,"admin_name":"ritesh","admin_email":"rohit1@galactic.edu","admin_password":"12345","role":"admin","school_id":1}
23/9/2024, 3:19:19 pm-POST/login-{"admin_id":1,"admin_name":"ritesh","admin_email":"rohit1@galactic.edu","admin_password":"12345","role":"admin","school_id":1}
23/9/2024, 3:19:54 pm-POST/login-{"admin_id":1,"admin_name":"ritesh","admin_email":"rohit1@galactic.edu","admin_password":"12345","role":"admin","school_id":1}
23/9/2024, 3:20:01 pm-POST/login-{"admin_id":1,"admin_name":"ritesh","admin_email":"rohit1@galactic.edu","admin_password":"12345","role":"admin","school_id":1}
23/9/2024, 3:20:36 pm-POST/login-{"admin_id":1,"admin_name":"ritesh","admin_email":"rohit1@galactic.edu","admin_password":"12345","role":"admin","school_id":1}
23/9/2024, 3:21:04 pm-POST/login-{"admin_id":1,"admin_name":"ritesh","admin_email":"rohit1@galactic.edu","admin_password":"12345","role":"admin","school_id":1}
23/9/2024, 3:21:33 pm-POST/login-{"admin_id":1,"admin_name":"ritesh","admin_email":"rohit1@galactic.edu","admin_password":"12345","role":"admin","school_id":1}
23/9/2024, 3:22:02 pm-POST/login-{"admin_id":1,"admin_name":"ritesh","admin_email":"rohit1@galactic.edu","admin_password":"12345","role":"admin","school_id":1}
23/9/2024, 3:22:18 pm-POST/login-{"admin_id":1,"admin_name":"ritesh","admin_email":"rohit1@galactic.edu","admin_password":"12345","role":"admin","school_id":1}
23/9/2024, 3:23:10 pm-POST/login-{"admin_id":1,"admin_name":"ritesh","admin_email":"rohit1@galactic.edu","admin_password":"12345","role":"admin","school_id":1}
23/9/2024, 3:24:40 pm-POST/students-{"student_id":2,"student_name":"rohit","student_age":15,"grade":8,"school_id":1}
23/9/2024, 3:25:09 pm-POST/students-{"student_id":2,"student_name":"rohit","student_age":15,"grade":8,"school_id":1}
23/9/2024, 3:25:59 pm-POST/login-{"admin_name":"ritesh","admin_email":"rohit2@galactic.edu","admin_password":"12345","role":"teacher","school_id":1}
23/9/2024, 3:26:08 pm-POST/login-{"admin_name":"ritesh","admin_email":"rohit3@galactic.edu","admin_password":"12345","role":"teacher","school_id":1}
23/9/2024, 3:26:39 pm-POST/students-{"student_id":2,"student_name":"rohit","student_age":15,"grade":8,"school_id":1}
23/9/2024, 3:27:06 pm-POST/students-{"student_id":2,"student_name":"rohit","student_age":15,"grade":8,"school_id":1}
23/9/2024, 3:27:13 pm-POST/students-{"student_id":2,"student_name":"rohit","student_age":15,"grade":8,"school_id":1}
23/9/2024, 3:27:25 pm-POST/login-{"admin_name":"ritesh","admin_email":"rohit1@galactic.edu","admin_password":"12345","role":"teacher","school_id":1}
23/9/2024, 3:27:46 pm-POST/login-{"student_id":2,"student_name":"rohit","student_age":15,"grade":8,"school_id":1}
23/9/2024, 3:27:57 pm-POST/students-{"student_id":2,"student_name":"rohit","student_age":15,"grade":8,"school_id":1}
23/9/2024, 3:28:05 pm-GET/students-{"student_id":2,"student_name":"rohit","student_age":15,"grade":8,"school_id":1}
23/9/2024, 3:32:16 pm-PUT/students/66f0e0e719861380f4aec48b-{"student_id":1,"student_name":"Vikram","student_age":12,"grade":7,"school_id":1}
23/9/2024, 3:33:08 pm-PUT/students/66f0e0e719861380f4aec48b-{"student_id":1,"student_name":"Vikram","student_age":12,"grade":7,"school_id":1}
23/9/2024, 3:33:18 pm-GET/students-{"student_id":1,"student_name":"Vikram","student_age":12,"grade":7,"school_id":1}
23/9/2024, 3:33:45 pm-POST/login-{"admin_name":"ritesh","admin_email":"rohit2@galactic.edu","admin_password":"12345","role":"teacher","school_id":1}
23/9/2024, 3:34:09 pm-GET/students-{"admin_name":"ritesh","admin_email":"rohit2@galactic.edu","admin_password":"12345","role":"teacher","school_id":1}
23/9/2024, 3:34:35 pm-PUT/students/66f0e0e719861380f4aec48b-{"student_id":1,"student_name":"Hello","student_age":12,"grade":7,"school_id":1}
23/9/2024, 3:34:46 pm-GET/students-{"student_id":1,"student_name":"Hello","student_age":12,"grade":7,"school_id":1}
23/9/2024, 3:35:01 pm-PUT/students/66f0e0e719861380f4aec48b-{"student_id":1,"student_name":"Hello","student_age":12,"grade":7,"school_id":1}
23/9/2024, 3:35:06 pm-GET/students-{"student_id":1,"student_name":"Hello","student_age":12,"grade":7,"school_id":1}
23/9/2024, 3:35:50 pm-GET/students-{"student_id":1,"student_name":"Hello","student_age":12,"grade":7,"school_id":1}
23/9/2024, 3:36:00 pm-PUT/students/66f0e0e719861380f4aec48b-{"student_id":1,"student_name":"Hello","student_age":12,"grade":7,"school_id":1}
23/9/2024, 3:36:33 pm-PUT/students/66f0e0e719861380f4aec48b-{"student_id":1,"student_name":"Hello","student_age":12,"grade":7,"school_id":1}
23/9/2024, 3:36:42 pm-PUT/students/66f0e0e719861380f4aec48b-{"student_id":1,"student_name":"Hello","student_age":12,"grade":7,"school_id":1}
23/9/2024, 3:37:32 pm-PUT/students/66f0e0e719861380f4aec48b-{"student_id":1,"student_name":"Hello","student_age":12,"grade":7,"school_id":1}
23/9/2024, 3:38:07 pm-DELETE/students/66f0e0e719861380f4aec48b-{"student_id":1,"student_name":"Hello","student_age":12,"grade":7,"school_id":1}
23/9/2024, 3:38:15 pm-GET/students-{"student_id":1,"student_name":"Hello","student_age":12,"grade":7,"school_id":1}
23/9/2024, 3:38:33 pm-POST/login-{"admin_name":"ritesh","admin_email":"rohit1@galactic.edu","admin_password":"12345","role":"teacher","school_id":1}
23/9/2024, 3:39:04 pm-GET/students-{"admin_name":"ritesh","admin_email":"rohit1@galactic.edu","admin_password":"12345","role":"teacher","school_id":1}
23/9/2024, 3:39:22 pm-DELETE/students/66f0e0fd19861380f4aec48e-{"admin_name":"ritesh","admin_email":"rohit1@galactic.edu","admin_password":"12345","role":"teacher","school_id":1}
23/9/2024, 3:40:38 pm-DELETE/students/66f0e0fd19861380f4aec48e-{"admin_name":"ritesh","admin_email":"rohit1@galactic.edu","admin_password":"12345","role":"teacher","school_id":1}
23/9/2024, 3:41:17 pm-DELETE/students/66f0e0fd19861380f4aec48e-{"admin_name":"ritesh","admin_email":"rohit1@galactic.edu","admin_password":"12345","role":"teacher","school_id":1}
23/9/2024, 3:41:26 pm-GET/students-{"admin_name":"ritesh","admin_email":"rohit1@galactic.edu","admin_password":"12345","role":"teacher","school_id":1}
23/9/2024, 3:41:51 pm-DELETE/students/66f1321e33e8ecbf1f5f41c5-{"admin_name":"ritesh","admin_email":"rohit1@galactic.edu","admin_password":"12345","role":"teacher","school_id":1}
23/9/2024, 3:41:57 pm-GET/students-{"admin_name":"ritesh","admin_email":"rohit1@galactic.edu","admin_password":"12345","role":"teacher","school_id":1}
23/9/2024, 3:42:14 pm-GET/students-{"admin_name":"ritesh","admin_email":"rohit1@galactic.edu","admin_password":"12345","role":"teacher","school_id":1}
23/9/2024, 3:42:26 pm-DELETE/students/66f0e0e719861380f4aec48b-{"admin_name":"ritesh","admin_email":"rohit1@galactic.edu","admin_password":"12345","role":"teacher","school_id":1}
23/9/2024, 3:42:31 pm-GET/students-{"admin_name":"ritesh","admin_email":"rohit1@galactic.edu","admin_password":"12345","role":"teacher","school_id":1}
23/9/2024, 3:43:41 pm-DELETE/students/66f0e0e719861380f4aec48b-{"admin_name":"ritesh","admin_email":"rohit1@galactic.edu","admin_password":"12345","role":"teacher","school_id":1}
23/9/2024, 3:44:02 pm-DELETE/students/66f0e0e719861380f4aec48b-{"admin_name":"ritesh","admin_email":"rohit1@galactic.edu","admin_password":"12345","role":"teacher","school_id":1}
23/9/2024, 3:44:08 pm-GET/students-{"admin_name":"ritesh","admin_email":"rohit1@galactic.edu","admin_password":"12345","role":"teacher","school_id":1}
23/9/2024, 3:44:35 pm-DELETE/students/66f0e0e719861380f4aec48b-{"admin_name":"ritesh","admin_email":"rohit1@galactic.edu","admin_password":"12345","role":"teacher","school_id":1}
23/9/2024, 3:44:59 pm-DELETE/students/66f0e0e719861380f4aec48b-{"admin_name":"ritesh","admin_email":"rohit1@galactic.edu","admin_password":"12345","role":"teacher","school_id":1}
23/9/2024, 3:45:05 pm-GET/students-{"admin_name":"ritesh","admin_email":"rohit1@galactic.edu","admin_password":"12345","role":"teacher","school_id":1}
23/9/2024, 3:45:56 pm-DELETE/students/66f0e0e719861380f4aec48b-{"admin_name":"ritesh","admin_email":"rohit1@galactic.edu","admin_password":"12345","role":"teacher","school_id":1}
23/9/2024, 3:47:21 pm-DELETE/students/66f0e0e719861380f4aec48b-{"admin_name":"ritesh","admin_email":"rohit1@galactic.edu","admin_password":"12345","role":"teacher","school_id":1}
23/9/2024, 3:47:59 pm-DELETE/students/66f0e0e719861380f4aec48b-{"admin_name":"ritesh","admin_email":"rohit1@galactic.edu","admin_password":"12345","role":"teacher","school_id":1}
23/9/2024, 3:48:27 pm-DELETE/students/66f0e0e719861380f4aec48b-{"admin_name":"ritesh","admin_email":"rohit1@galactic.edu","admin_password":"12345","role":"teacher","school_id":1}
23/9/2024, 3:48:55 pm-DELETE/students/66f0e0e719861380f4aec48b-{"admin_name":"ritesh","admin_email":"rohit1@galactic.edu","admin_password":"12345","role":"teacher","school_id":1}
23/9/2024, 3:50:45 pm-DELETE/students/66f0e0e719861380f4aec48b-{"admin_name":"ritesh","admin_email":"rohit1@galactic.edu","admin_password":"12345","role":"teacher","school_id":1}
23/9/2024, 3:52:02 pm-DELETE/students/66f0e0e719861380f4aec48b-{"admin_name":"ritesh","admin_email":"rohit1@galactic.edu","admin_password":"12345","role":"teacher","school_id":1}
23/9/2024, 3:52:13 pm-DELETE/students/66f0e0e719861380f4aec48b-{"admin_name":"ritesh","admin_email":"rohit1@galactic.edu","admin_password":"12345","role":"teacher","school_id":1}
23/9/2024, 3:53:33 pm-DELETE/students/66f0e0e719861380f4aec48b-{"admin_name":"ritesh","admin_email":"rohit1@galactic.edu","admin_password":"12345","role":"teacher","school_id":1}
23/9/2024, 3:53:44 pm-GET/students-{"admin_name":"ritesh","admin_email":"rohit1@galactic.edu","admin_password":"12345","role":"teacher","school_id":1}
23/9/2024, 3:54:34 pm-GET/students-{"admin_name":"ritesh","admin_email":"rohit1@galactic.edu","admin_password":"12345","role":"teacher","school_id":1}
23/9/2024, 3:55:04 pm-DELETE/students/66f0e0e719861380f4aec48b-{"admin_name":"ritesh","admin_email":"rohit1@galactic.edu","admin_password":"12345","role":"teacher","school_id":1}
23/9/2024, 3:55:11 pm-DELETE/students/66f0e0e719861380f4aec48b-{"admin_name":"ritesh","admin_email":"rohit1@galactic.edu","admin_password":"12345","role":"teacher","school_id":1}
23/9/2024, 3:55:27 pm-DELETE/students/66f0e0e719861380f4aec48b-{"admin_name":"ritesh","admin_email":"rohit1@galactic.edu","admin_password":"12345","role":"teacher","school_id":1}
23/9/2024, 3:56:53 pm-DELETE/students/66f0e0e719861380f4aec48b-{"admin_name":"ritesh","admin_email":"rohit1@galactic.edu","admin_password":"12345","role":"teacher","school_id":1}
23/9/2024, 3:57:55 pm-DELETE/students/66f0e0e719861380f4aec48b-{"admin_name":"ritesh","admin_email":"rohit1@galactic.edu","admin_password":"12345","role":"teacher","school_id":1}
23/9/2024, 3:58:15 pm-DELETE/students/66f0e0e719861380f4aec48b-{"admin_name":"ritesh","admin_email":"rohit1@galactic.edu","admin_password":"12345","role":"teacher","school_id":1}
23/9/2024, 3:58:43 pm-DELETE/students/66f0e0e719861380f4aec48b-{"admin_name":"ritesh","admin_email":"rohit1@galactic.edu","admin_password":"12345","role":"teacher","school_id":1}
23/9/2024, 3:59:21 pm-DELETE/students/66f0e0e719861380f4aec48b-{"admin_name":"ritesh","admin_email":"rohit1@galactic.edu","admin_password":"12345","role":"teacher","school_id":1}
23/9/2024, 3:59:27 pm-DELETE/students/66f0e0e719861380f4aec48b-{"admin_name":"ritesh","admin_email":"rohit1@galactic.edu","admin_password":"12345","role":"teacher","school_id":1}
23/9/2024, 4:00:45 pm-DELETE/students/66f0e0e719861380f4aec48b-{"admin_name":"ritesh","admin_email":"rohit1@galactic.edu","admin_password":"12345","role":"teacher","school_id":1}
23/9/2024, 4:02:47 pm-DELETE/students/66f0e0e719861380f4aec48b-{"admin_name":"ritesh","admin_email":"rohit1@galactic.edu","admin_password":"12345","role":"teacher","school_id":1}
23/9/2024, 4:03:12 pm-GET/students-{"admin_name":"ritesh","admin_email":"rohit1@galactic.edu","admin_password":"12345","role":"teacher","school_id":1}
23/9/2024, 4:03:37 pm-DELETE/students/66f1321e33e8ecbf1f5f41c5-{"admin_name":"ritesh","admin_email":"rohit1@galactic.edu","admin_password":"12345","role":"teacher","school_id":1}
23/9/2024, 4:03:44 pm-GET/students-{"admin_name":"ritesh","admin_email":"rohit1@galactic.edu","admin_password":"12345","role":"teacher","school_id":1}
23/9/2024, 4:04:21 pm-PUT/students/66f0e11119861380f4aec490-{"student_id":3,"student_name":"Vikram","student_age":15,"grade":10,"school_id":3}
23/9/2024, 4:04:28 pm-GET/students-{"student_id":3,"student_name":"Vikram","student_age":15,"grade":10,"school_id":3}
23/9/2024, 4:05:24 pm-PUT/students/66f0e11119861380f4aec490-{"student_id":3,"student_name":"Vikram","student_age":15,"grade":10,"school_id":3}
23/9/2024, 4:06:22 pm-PUT/students/66f0e11119861380f4aec490-{"student_id":3,"student_name":"Vikram","student_age":15,"grade":10,"school_id":3}
23/9/2024, 4:06:28 pm-GET/students-{"student_id":3,"student_name":"Vikram","student_age":15,"grade":10,"school_id":3}
23/9/2024, 4:06:41 pm-PUT/students//66f0e11119861380f4aec490-{"student_id":3,"student_name":"Vikki","student_age":15,"grade":10,"school_id":3}
23/9/2024, 4:06:48 pm-PUT/students/66f0e11119861380f4aec490-{"student_id":3,"student_name":"Vikki","student_age":15,"grade":10,"school_id":3}
23/9/2024, 4:06:55 pm-GET/students-{"student_id":3,"student_name":"Vikki","student_age":15,"grade":10,"school_id":3}
23/9/2024, 4:43:22 pm-POST/login-{}
23/9/2024, 4:43:58 pm-OPTIONS/login-{}
23/9/2024, 4:44:41 pm-OPTIONS/login-{}
23/9/2024, 4:46:01 pm-POST/login-{"admin_email":"rohit1@galactic.edu","admin_password":"12345"}
23/9/2024, 4:46:35 pm-POST/login-{"admin_email":"rohit1@galactic.edu","admin_password":"12345"}
23/9/2024, 4:47:15 pm-POST/login-{"admin_email":"rohit1@galactic.edu","admin_password":"12345"}
23/9/2024, 4:57:06 pm-POST/login-{"admin_email":"vikram1@gmail.com","admin_password":"12345"}
23/9/2024, 4:57:42 pm-POST/login-{"admin_email":"rohit1@galactic.edu","admin_password":"12345"}
23/9/2024, 4:58:18 pm-POST/login-{"admin_email":"rohit1@galactic.edu","admin_password":"12345"}
23/9/2024, 5:02:20 pm-POST/login-{"admin_email":"rohit1@galactic.edu","admin_password":"12345"}
23/9/2024, 5:02:32 pm-POST/login-{"admin_email":"rohit2@galactic.edu","admin_password":"12345"}
23/9/2024, 5:02:39 pm-POST/login-{"admin_email":"rohit1@galactic.edu","admin_password":"12345"}
23/9/2024, 5:04:40 pm-POST/login-{"admin_email":"rohit1@galactic.edu","admin_password":"12345"}
23/9/2024, 5:19:05 pm-POST/admins-{"admin_name":"vikram","admin_email":"vikram@gmail.com","admin_password":"12345","role":"admin","school_id":1}
23/9/2024, 5:19:50 pm-POST/login-{"admin_email":"vikram@gmail.com","admin_password":"12345"}
23/9/2024, 5:24:08 pm-GET/students-{"student_id":3,"student_name":"Vikki","student_age":15,"grade":10,"school_id":3}
23/9/2024, 5:24:29 pm-POST/login-{"admin_name":"ritesh","admin_email":"rohit1@galactic.edu","admin_password":"12345","role":"teacher","school_id":1}
23/9/2024, 5:24:47 pm-GET/students-{"admin_name":"ritesh","admin_email":"rohit1@galactic.edu","admin_password":"12345","role":"teacher","school_id":1}
23/9/2024, 5:28:10 pm-POST/login-{"admin_email":"vikram@gmail.com","admin_password":"12345"}
23/9/2024, 5:28:10 pm-GET/students-{}
23/9/2024, 5:28:10 pm-GET/students-{}
23/9/2024, 5:28:45 pm-GET/students-{}
23/9/2024, 5:28:47 pm-GET/students-{}
23/9/2024, 5:29:24 pm-GET/students-{}
23/9/2024, 5:29:26 pm-GET/students-{}
23/9/2024, 5:29:28 pm-GET/students-{}
23/9/2024, 5:29:34 pm-GET/students-{}
23/9/2024, 5:29:34 pm-GET/students-{}
23/9/2024, 5:29:42 pm-GET/students-{}
23/9/2024, 5:29:46 pm-GET/students-{}
23/9/2024, 5:29:50 pm-GET/students-{}
23/9/2024, 5:29:58 pm-GET/students-{}
23/9/2024, 5:30:00 pm-GET/students-{}
23/9/2024, 5:30:30 pm-GET/students-{}
23/9/2024, 5:30:32 pm-GET/students-{}
23/9/2024, 5:30:37 pm-GET/students-{}
23/9/2024, 5:30:39 pm-GET/students-{}
23/9/2024, 5:30:46 pm-GET/students-{}
23/9/2024, 5:30:48 pm-GET/students-{}
23/9/2024, 5:30:53 pm-GET/students-{}
23/9/2024, 5:30:59 pm-GET/students-{}
23/9/2024, 5:31:02 pm-GET/students-{}
23/9/2024, 5:31:06 pm-GET/students-{}
23/9/2024, 5:31:08 pm-GET/students-{}
23/9/2024, 5:31:13 pm-GET/students-{}
23/9/2024, 5:31:16 pm-GET/students-{}
23/9/2024, 5:31:19 pm-GET/students-{}
23/9/2024, 5:31:22 pm-GET/students-{}
23/9/2024, 5:31:26 pm-GET/students-{}
23/9/2024, 5:31:36 pm-GET/students-{}
23/9/2024, 5:31:40 pm-GET/students-{}
23/9/2024, 5:31:45 pm-GET/students-{}
23/9/2024, 5:31:48 pm-GET/students-{}
23/9/2024, 5:31:48 pm-GET/students-{}
23/9/2024, 5:32:25 pm-GET/students-{}
23/9/2024, 5:32:30 pm-GET/students-{}
23/9/2024, 5:32:30 pm-GET/students-{}
23/9/2024, 5:32:43 pm-GET/students-{}
23/9/2024, 5:32:51 pm-GET/students-{}
23/9/2024, 5:32:53 pm-GET/students-{}
23/9/2024, 5:33:05 pm-GET/students-{}
23/9/2024, 5:33:05 pm-GET/students-{}
23/9/2024, 5:33:10 pm-GET/students-{}
23/9/2024, 5:33:14 pm-GET/students-{}
23/9/2024, 5:33:17 pm-GET/students-{}
23/9/2024, 5:33:19 pm-GET/students-{}
23/9/2024, 5:33:19 pm-GET/students-{}
23/9/2024, 5:37:41 pm-GET/students-{}
23/9/2024, 5:37:54 pm-GET/students-{}
23/9/2024, 5:37:54 pm-GET/students-{}
23/9/2024, 5:37:58 pm-GET/students-{}
23/9/2024, 5:38:05 pm-GET/students-{}
23/9/2024, 5:38:24 pm-GET/students-{}
23/9/2024, 5:40:43 pm-POST/login-{"admin_email":"rohit1@galactic.edu","admin_password":"12345"}
23/9/2024, 5:40:43 pm-GET/students-{}
23/9/2024, 5:40:43 pm-GET/students-{}
23/9/2024, 5:40:52 pm-POST/login-{"admin_email":"rohit2@galactic.edu","admin_password":"12345"}
23/9/2024, 5:40:52 pm-GET/students-{}
23/9/2024, 5:40:52 pm-GET/students-{}
23/9/2024, 5:43:44 pm-GET/students-{}
23/9/2024, 5:44:07 pm-GET/students-{}
23/9/2024, 5:44:07 pm-GET/students-{}
23/9/2024, 5:44:31 pm-POST/login-{"admin_email":"rohit1@galactic.edu","admin_password":"12345"}
23/9/2024, 5:44:31 pm-GET/students-{}
23/9/2024, 5:44:31 pm-GET/students-{}
23/9/2024, 5:45:05 pm-POST/login-{"admin_email":"rohit1@galactic.edu","admin_password":"12345"}
23/9/2024, 5:45:05 pm-GET/students-{}
23/9/2024, 5:45:05 pm-GET/students-{}
23/9/2024, 5:51:38 pm-GET/api-docs-{}
23/9/2024, 5:51:39 pm-GET/api-docs/-{}
23/9/2024, 5:51:39 pm-GET/api-docs/swagger-ui.css-{}
23/9/2024, 5:51:39 pm-GET/api-docs/swagger-ui-bundle.js-{}
23/9/2024, 5:51:39 pm-GET/api-docs/swagger-ui-standalone-preset.js-{}
23/9/2024, 5:51:39 pm-GET/api-docs/swagger-ui-init.js-{}
23/9/2024, 5:51:39 pm-GET/api-docs/favicon-32x32.png-{}
23/9/2024, 5:52:33 pm-GET/api-docs/-{}
23/9/2024, 5:52:33 pm-GET/api-docs/swagger-ui.css-{}
23/9/2024, 5:52:33 pm-GET/api-docs/swagger-ui-bundle.js-{}
23/9/2024, 5:52:33 pm-GET/api-docs/swagger-ui-standalone-preset.js-{}
23/9/2024, 5:52:33 pm-GET/api-docs/swagger-ui-init.js-{}
23/9/2024, 5:52:33 pm-GET/api-docs/favicon-32x32.png-{}
23/9/2024, 5:52:35 pm-GET/api-docs/-{}
23/9/2024, 5:52:35 pm-GET/api-docs/swagger-ui.css-{}
23/9/2024, 5:52:35 pm-GET/api-docs/swagger-ui-standalone-preset.js-{}
23/9/2024, 5:52:35 pm-GET/api-docs/swagger-ui-bundle.js-{}
23/9/2024, 5:52:35 pm-GET/api-docs/swagger-ui-init.js-{}
23/9/2024, 5:52:35 pm-GET/api-docs/favicon-32x32.png-{}
23/9/2024, 5:52:54 pm-GET/api-docs/-{}
23/9/2024, 5:52:54 pm-GET/api-docs/swagger-ui.css-{}
23/9/2024, 5:52:54 pm-GET/api-docs/swagger-ui-bundle.js-{}
23/9/2024, 5:52:54 pm-GET/api-docs/swagger-ui-standalone-preset.js-{}
23/9/2024, 5:52:54 pm-GET/api-docs/swagger-ui-init.js-{}
23/9/2024, 5:52:54 pm-GET/api-docs/favicon-32x32.png-{}
23/9/2024, 5:52:55 pm-GET/api-docs/-{}
23/9/2024, 5:52:55 pm-GET/api-docs/swagger-ui.css-{}
23/9/2024, 5:52:55 pm-GET/api-docs/swagger-ui-bundle.js-{}
23/9/2024, 5:52:55 pm-GET/api-docs/swagger-ui-standalone-preset.js-{}
23/9/2024, 5:52:55 pm-GET/api-docs/swagger-ui-init.js-{}
23/9/2024, 5:52:55 pm-GET/api-docs/favicon-32x32.png-{}
23/9/2024, 5:52:55 pm-GET/api-docs/-{}
23/9/2024, 5:52:55 pm-GET/api-docs/swagger-ui.css-{}
23/9/2024, 5:52:55 pm-GET/api-docs/swagger-ui-bundle.js-{}
23/9/2024, 5:52:55 pm-GET/api-docs/swagger-ui-standalone-preset.js-{}
23/9/2024, 5:52:55 pm-GET/api-docs/swagger-ui-init.js-{}
23/9/2024, 5:52:55 pm-GET/api-docs/favicon-32x32.png-{}
23/9/2024, 5:52:55 pm-GET/api-docs/-{}
23/9/2024, 5:52:55 pm-GET/api-docs/swagger-ui.css-{}
23/9/2024, 5:52:55 pm-GET/api-docs/swagger-ui-bundle.js-{}
23/9/2024, 5:52:55 pm-GET/api-docs/swagger-ui-standalone-preset.js-{}
23/9/2024, 5:52:55 pm-GET/api-docs/swagger-ui-init.js-{}
23/9/2024, 5:52:55 pm-GET/api-docs/favicon-32x32.png-{}
23/9/2024, 5:52:56 pm-GET/api-docs/-{}
23/9/2024, 5:52:56 pm-GET/api-docs/swagger-ui.css-{}
23/9/2024, 5:52:56 pm-GET/api-docs/swagger-ui-bundle.js-{}
23/9/2024, 5:52:56 pm-GET/api-docs/swagger-ui-standalone-preset.js-{}
23/9/2024, 5:52:56 pm-GET/api-docs/swagger-ui-init.js-{}
23/9/2024, 5:52:56 pm-GET/api-docs/favicon-32x32.png-{}
23/9/2024, 5:52:56 pm-GET/api-docs/-{}
23/9/2024, 5:52:56 pm-GET/api-docs/swagger-ui.css-{}
23/9/2024, 5:52:56 pm-GET/api-docs/swagger-ui-bundle.js-{}
23/9/2024, 5:52:56 pm-GET/api-docs/swagger-ui-standalone-preset.js-{}
23/9/2024, 5:52:56 pm-GET/api-docs/swagger-ui-init.js-{}
23/9/2024, 5:52:56 pm-GET/api-docs/favicon-32x32.png-{}
23/9/2024, 5:52:56 pm-GET/api-docs/-{}
23/9/2024, 5:52:56 pm-GET/api-docs/swagger-ui.css-{}
23/9/2024, 5:52:56 pm-GET/api-docs/swagger-ui-bundle.js-{}
23/9/2024, 5:52:56 pm-GET/api-docs/swagger-ui-standalone-preset.js-{}
23/9/2024, 5:52:56 pm-GET/api-docs/swagger-ui-init.js-{}
23/9/2024, 5:52:56 pm-GET/api-docs/favicon-32x32.png-{}
23/9/2024, 5:52:56 pm-GET/api-docs/-{}
23/9/2024, 5:52:56 pm-GET/api-docs/swagger-ui.css-{}
23/9/2024, 5:52:56 pm-GET/api-docs/swagger-ui-bundle.js-{}
23/9/2024, 5:52:56 pm-GET/api-docs/swagger-ui-standalone-preset.js-{}
23/9/2024, 5:52:56 pm-GET/api-docs/swagger-ui-init.js-{}
23/9/2024, 5:52:56 pm-GET/api-docs/favicon-32x32.png-{}
23/9/2024, 5:52:56 pm-GET/api-docs/-{}
23/9/2024, 5:52:56 pm-GET/api-docs/swagger-ui.css-{}
23/9/2024, 5:52:56 pm-GET/api-docs/swagger-ui-bundle.js-{}
23/9/2024, 5:52:56 pm-GET/api-docs/swagger-ui-standalone-preset.js-{}
23/9/2024, 5:52:56 pm-GET/api-docs/swagger-ui-init.js-{}
23/9/2024, 5:52:56 pm-GET/api-docs/favicon-32x32.png-{}
23/9/2024, 6:10:02 pm-GET/students-{"admin_name":"ritesh","admin_email":"rohit1@galactic.edu","admin_password":"12345","role":"teacher","school_id":1}
23/9/2024, 6:10:20 pm-GET/admins-{"admin_name":"ritesh","admin_email":"rohit1@galactic.edu","admin_password":"12345","role":"teacher","school_id":1}
23/9/2024, 6:10:51 pm-GET/schools-{"admin_name":"ritesh","admin_email":"rohit1@galactic.edu","admin_password":"12345","role":"teacher","school_id":1}
